<?xml version="1.0" encoding="UTF-8"?>
<testsuite xmlns:xsi="http://www.w3.org/2001/XMLSchema-instance" xsi:noNamespaceSchemaLocation="https://maven.apache.org/surefire/maven-surefire-plugin/xsd/surefire-test-report-3.0.xsd" version="3.0" name="com.xkyii.quarkus.xkus.codegen.test.XkusCodegenDevModeTest" time="7.409" tests="1" errors="0" skipped="0" failures="0">
  <properties>
    <property name="sun.desktop" value="windows"/>
    <property name="awt.toolkit" value="sun.awt.windows.WToolkit"/>
    <property name="java.specification.version" value="11"/>
    <property name="sun.cpu.isalist" value="amd64"/>
    <property name="sun.jnu.encoding" value="GBK"/>
    <property name="java.class.path" value="E:\xk\Code\xkexp\xkexp.java\quarkus\xkus-codegen\deployment\target\test-classes;E:\xk\Code\xkexp\xkexp.java\quarkus\xkus-codegen\deployment\target\classes;C:\Users\xkyii\.m2\repository\io\quarkus\quarkus-arc-deployment\2.12.1.Final\quarkus-arc-deployment-2.12.1.Final.jar;C:\Users\xkyii\.m2\repository\io\quarkus\quarkus-core-deployment\2.12.1.Final\quarkus-core-deployment-2.12.1.Final.jar;C:\Users\xkyii\.m2\repository\org\aesh\readline\2.2\readline-2.2.jar;C:\Users\xkyii\.m2\repository\org\fusesource\jansi\jansi\1.18\jansi-1.18.jar;C:\Users\xkyii\.m2\repository\org\aesh\aesh\2.6\aesh-2.6.jar;C:\Users\xkyii\.m2\repository\org\apache\commons\commons-lang3\3.12.0\commons-lang3-3.12.0.jar;C:\Users\xkyii\.m2\repository\org\wildfly\common\wildfly-common\1.5.4.Final-format-001\wildfly-common-1.5.4.Final-format-001.jar;C:\Users\xkyii\.m2\repository\io\quarkus\gizmo\gizmo\1.1.0.Final\gizmo-1.1.0.Final.jar;C:\Users\xkyii\.m2\repository\org\ow2\asm\asm-util\9.3\asm-util-9.3.jar;C:\Users\xkyii\.m2\repository\org\jboss\jandex\2.4.3.Final\jandex-2.4.3.Final.jar;C:\Users\xkyii\.m2\repository\org\ow2\asm\asm\9.3\asm-9.3.jar;C:\Users\xkyii\.m2\repository\org\ow2\asm\asm-commons\9.3\asm-commons-9.3.jar;C:\Users\xkyii\.m2\repository\org\ow2\asm\asm-tree\9.3\asm-tree-9.3.jar;C:\Users\xkyii\.m2\repository\org\ow2\asm\asm-analysis\9.3\asm-analysis-9.3.jar;C:\Users\xkyii\.m2\repository\io\quarkus\quarkus-development-mode-spi\2.12.1.Final\quarkus-development-mode-spi-2.12.1.Final.jar;C:\Users\xkyii\.m2\repository\io\quarkus\quarkus-class-change-agent\2.12.1.Final\quarkus-class-change-agent-2.12.1.Final.jar;C:\Users\xkyii\.m2\repository\io\quarkus\quarkus-bootstrap-core\2.12.1.Final\quarkus-bootstrap-core-2.12.1.Final.jar;C:\Users\xkyii\.m2\repository\io\quarkus\quarkus-bootstrap-app-model\2.12.1.Final\quarkus-bootstrap-app-model-2.12.1.Final.jar;C:\Users\xkyii\.m2\repository\io\quarkus\quarkus-bootstrap-maven-resolver\2.12.1.Final\quarkus-bootstrap-maven-resolver-2.12.1.Final.jar;C:\Users\xkyii\.m2\repository\org\apache\maven\maven-embedder\3.8.6\maven-embedder-3.8.6.jar;C:\Users\xkyii\.m2\repository\org\apache\maven\maven-settings\3.8.6\maven-settings-3.8.6.jar;C:\Users\xkyii\.m2\repository\org\apache\maven\maven-core\3.8.6\maven-core-3.8.6.jar;C:\Users\xkyii\.m2\repository\org\apache\maven\maven-artifact\3.8.6\maven-artifact-3.8.6.jar;C:\Users\xkyii\.m2\repository\org\codehaus\plexus\plexus-component-annotations\2.1.0\plexus-component-annotations-2.1.0.jar;C:\Users\xkyii\.m2\repository\org\apache\maven\maven-plugin-api\3.8.6\maven-plugin-api-3.8.6.jar;C:\Users\xkyii\.m2\repository\org\apache\maven\maven-model\3.8.6\maven-model-3.8.6.jar;C:\Users\xkyii\.m2\repository\org\apache\maven\maven-model-builder\3.8.6\maven-model-builder-3.8.6.jar;C:\Users\xkyii\.m2\repository\org\apache\maven\maven-builder-support\3.8.6\maven-builder-support-3.8.6.jar;C:\Users\xkyii\.m2\repository\org\apache\maven\resolver\maven-resolver-api\1.6.3\maven-resolver-api-1.6.3.jar;C:\Users\xkyii\.m2\repository\org\apache\maven\resolver\maven-resolver-util\1.6.3\maven-resolver-util-1.6.3.jar;C:\Users\xkyii\.m2\repository\org\apache\maven\shared\maven-shared-utils\3.3.4\maven-shared-utils-3.3.4.jar;C:\Users\xkyii\.m2\repository\commons-io\commons-io\2.11.0\commons-io-2.11.0.jar;C:\Users\xkyii\.m2\repository\com\google\inject\guice\4.2.2\guice-4.2.2-no_aop.jar;C:\Users\xkyii\.m2\repository\com\google\guava\guava\31.1-jre\guava-31.1-jre.jar;C:\Users\xkyii\.m2\repository\com\google\guava\failureaccess\1.0.1\failureaccess-1.0.1.jar;C:\Users\xkyii\.m2\repository\org\codehaus\plexus\plexus-classworlds\2.6.0\plexus-classworlds-2.6.0.jar;C:\Users\xkyii\.m2\repository\org\codehaus\plexus\plexus-sec-dispatcher\2.0\plexus-sec-dispatcher-2.0.jar;C:\Users\xkyii\.m2\repository\org\codehaus\plexus\plexus-cipher\2.0\plexus-cipher-2.0.jar;C:\Users\xkyii\.m2\repository\commons-cli\commons-cli\1.4\commons-cli-1.4.jar;C:\Users\xkyii\.m2\repository\org\eclipse\sisu\org.eclipse.sisu.plexus\0.3.5\org.eclipse.sisu.plexus-0.3.5.jar;C:\Users\xkyii\.m2\repository\org\apache\maven\maven-settings-builder\3.8.6\maven-settings-builder-3.8.6.jar;C:\Users\xkyii\.m2\repository\org\codehaus\plexus\plexus-interpolation\1.26\plexus-interpolation-1.26.jar;C:\Users\xkyii\.m2\repository\org\apache\maven\maven-resolver-provider\3.8.6\maven-resolver-provider-3.8.6.jar;C:\Users\xkyii\.m2\repository\org\apache\maven\maven-repository-metadata\3.8.6\maven-repository-metadata-3.8.6.jar;C:\Users\xkyii\.m2\repository\org\apache\maven\resolver\maven-resolver-spi\1.6.3\maven-resolver-spi-1.6.3.jar;C:\Users\xkyii\.m2\repository\org\apache\maven\resolver\maven-resolver-impl\1.6.3\maven-resolver-impl-1.6.3.jar;C:\Users\xkyii\.m2\repository\org\codehaus\plexus\plexus-utils\3.3.0\plexus-utils-3.3.0.jar;C:\Users\xkyii\.m2\repository\org\apache\maven\resolver\maven-resolver-connector-basic\1.6.3\maven-resolver-connector-basic-1.6.3.jar;C:\Users\xkyii\.m2\repository\org\apache\maven\resolver\maven-resolver-transport-wagon\1.6.3\maven-resolver-transport-wagon-1.6.3.jar;C:\Users\xkyii\.m2\repository\org\apache\maven\wagon\wagon-http\3.5.1\wagon-http-3.5.1.jar;C:\Users\xkyii\.m2\repository\org\apache\maven\wagon\wagon-http-shared\3.5.1\wagon-http-shared-3.5.1.jar;C:\Users\xkyii\.m2\repository\org\apache\httpcomponents\httpclient\4.5.13\httpclient-4.5.13.jar;C:\Users\xkyii\.m2\repository\commons-codec\commons-codec\1.15\commons-codec-1.15.jar;C:\Users\xkyii\.m2\repository\org\apache\httpcomponents\httpcore\4.4.15\httpcore-4.4.15.jar;C:\Users\xkyii\.m2\repository\org\apache\maven\wagon\wagon-provider-api\3.5.1\wagon-provider-api-3.5.1.jar;C:\Users\xkyii\.m2\repository\org\apache\maven\wagon\wagon-file\3.5.1\wagon-file-3.5.1.jar;C:\Users\xkyii\.m2\repository\io\quarkus\quarkus-bootstrap-gradle-resolver\2.12.1.Final\quarkus-bootstrap-gradle-resolver-2.12.1.Final.jar;C:\Users\xkyii\.m2\repository\io\smallrye\common\smallrye-common-io\1.13.0\smallrye-common-io-1.13.0.jar;C:\Users\xkyii\.m2\repository\org\eclipse\sisu\org.eclipse.sisu.inject\0.3.5\org.eclipse.sisu.inject-0.3.5.jar;C:\Users\xkyii\.m2\repository\io\quarkus\quarkus-builder\2.12.1.Final\quarkus-builder-2.12.1.Final.jar;C:\Users\xkyii\.m2\repository\org\graalvm\sdk\graal-sdk\22.2.0\graal-sdk-22.2.0.jar;C:\Users\xkyii\.m2\repository\org\junit\platform\junit-platform-launcher\1.9.0\junit-platform-launcher-1.9.0.jar;C:\Users\xkyii\.m2\repository\org\junit\jupiter\junit-jupiter\5.9.0\junit-jupiter-5.9.0.jar;C:\Users\xkyii\.m2\repository\io\quarkus\quarkus-vertx-http-dev-console-spi\2.12.1.Final\quarkus-vertx-http-dev-console-spi-2.12.1.Final.jar;C:\Users\xkyii\.m2\repository\io\quarkus\quarkus-vertx-http-dev-console-runtime-spi\2.12.1.Final\quarkus-vertx-http-dev-console-runtime-spi-2.12.1.Final.jar;C:\Users\xkyii\.m2\repository\io\quarkus\arc\arc\2.12.1.Final\arc-2.12.1.Final.jar;C:\Users\xkyii\.m2\repository\jakarta\transaction\jakarta.transaction-api\1.3.3\jakarta.transaction-api-1.3.3.jar;C:\Users\xkyii\.m2\repository\io\vertx\vertx-web\4.3.2\vertx-web-4.3.2.jar;C:\Users\xkyii\.m2\repository\io\vertx\vertx-web-common\4.3.2\vertx-web-common-4.3.2.jar;C:\Users\xkyii\.m2\repository\io\vertx\vertx-auth-common\4.3.2\vertx-auth-common-4.3.2.jar;C:\Users\xkyii\.m2\repository\io\vertx\vertx-bridge-common\4.3.2\vertx-bridge-common-4.3.2.jar;C:\Users\xkyii\.m2\repository\io\vertx\vertx-core\4.3.2\vertx-core-4.3.2.jar;C:\Users\xkyii\.m2\repository\io\netty\netty-common\4.1.79.Final\netty-common-4.1.79.Final.jar;C:\Users\xkyii\.m2\repository\io\netty\netty-buffer\4.1.79.Final\netty-buffer-4.1.79.Final.jar;C:\Users\xkyii\.m2\repository\io\netty\netty-transport\4.1.79.Final\netty-transport-4.1.79.Final.jar;C:\Users\xkyii\.m2\repository\io\netty\netty-handler\4.1.79.Final\netty-handler-4.1.79.Final.jar;C:\Users\xkyii\.m2\repository\io\netty\netty-transport-native-unix-common\4.1.79.Final\netty-transport-native-unix-common-4.1.79.Final.jar;C:\Users\xkyii\.m2\repository\io\netty\netty-codec\4.1.79.Final\netty-codec-4.1.79.Final.jar;C:\Users\xkyii\.m2\repository\io\netty\netty-handler-proxy\4.1.79.Final\netty-handler-proxy-4.1.79.Final.jar;C:\Users\xkyii\.m2\repository\io\netty\netty-codec-socks\4.1.79.Final\netty-codec-socks-4.1.79.Final.jar;C:\Users\xkyii\.m2\repository\io\netty\netty-codec-http\4.1.79.Final\netty-codec-http-4.1.79.Final.jar;C:\Users\xkyii\.m2\repository\io\netty\netty-codec-http2\4.1.79.Final\netty-codec-http2-4.1.79.Final.jar;C:\Users\xkyii\.m2\repository\io\netty\netty-resolver\4.1.79.Final\netty-resolver-4.1.79.Final.jar;C:\Users\xkyii\.m2\repository\io\netty\netty-resolver-dns\4.1.79.Final\netty-resolver-dns-4.1.79.Final.jar;C:\Users\xkyii\.m2\repository\io\netty\netty-codec-dns\4.1.79.Final\netty-codec-dns-4.1.79.Final.jar;C:\Users\xkyii\.m2\repository\com\fasterxml\jackson\core\jackson-core\2.13.3\jackson-core-2.13.3.jar;C:\Users\xkyii\.m2\repository\io\quarkus\quarkus-arc\2.12.1.Final\quarkus-arc-2.12.1.Final.jar;C:\Users\xkyii\.m2\repository\org\eclipse\microprofile\context-propagation\microprofile-context-propagation-api\1.2\microprofile-context-propagation-api-1.2.jar;C:\Users\xkyii\.m2\repository\io\quarkus\arc\arc-processor\2.12.1.Final\arc-processor-2.12.1.Final.jar;C:\Users\xkyii\.m2\repository\org\jboss\logging\jboss-logging\3.5.0.Final\jboss-logging-3.5.0.Final.jar;C:\Users\xkyii\.m2\repository\jakarta\annotation\jakarta.annotation-api\1.3.5\jakarta.annotation-api-1.3.5.jar;E:\xk\Code\xkexp\xkexp.java\quarkus\xkus-codegen\runtime\target\xkus-codegen-1.0.0-SNAPSHOT.jar;C:\Users\xkyii\.m2\repository\io\quarkus\quarkus-junit5-internal\2.12.1.Final\quarkus-junit5-internal-2.12.1.Final.jar;C:\Users\xkyii\.m2\repository\org\jboss\shrinkwrap\shrinkwrap-api\1.2.6\shrinkwrap-api-1.2.6.jar;C:\Users\xkyii\.m2\repository\org\jboss\shrinkwrap\shrinkwrap-spi\1.2.6\shrinkwrap-spi-1.2.6.jar;C:\Users\xkyii\.m2\repository\org\jboss\shrinkwrap\shrinkwrap-impl-base\1.2.6\shrinkwrap-impl-base-1.2.6.jar;C:\Users\xkyii\.m2\repository\org\junit\jupiter\junit-jupiter-api\5.9.0\junit-jupiter-api-5.9.0.jar;C:\Users\xkyii\.m2\repository\org\opentest4j\opentest4j\1.2.0\opentest4j-1.2.0.jar;C:\Users\xkyii\.m2\repository\org\junit\platform\junit-platform-commons\1.9.0\junit-platform-commons-1.9.0.jar;C:\Users\xkyii\.m2\repository\org\apiguardian\apiguardian-api\1.1.2\apiguardian-api-1.1.2.jar;C:\Users\xkyii\.m2\repository\org\junit\jupiter\junit-jupiter-params\5.9.0\junit-jupiter-params-5.9.0.jar;C:\Users\xkyii\.m2\repository\org\junit\jupiter\junit-jupiter-engine\5.9.0\junit-jupiter-engine-5.9.0.jar;C:\Users\xkyii\.m2\repository\org\junit\platform\junit-platform-engine\1.9.0\junit-platform-engine-1.9.0.jar;C:\Users\xkyii\.m2\repository\io\quarkus\quarkus-core\2.12.1.Final\quarkus-core-2.12.1.Final.jar;C:\Users\xkyii\.m2\repository\jakarta\inject\jakarta.inject-api\1.0\jakarta.inject-api-1.0.jar;C:\Users\xkyii\.m2\repository\io\quarkus\quarkus-ide-launcher\2.12.1.Final\quarkus-ide-launcher-2.12.1.Final.jar;C:\Users\xkyii\.m2\repository\io\smallrye\config\smallrye-config\2.12.0\smallrye-config-2.12.0.jar;C:\Users\xkyii\.m2\repository\io\smallrye\config\smallrye-config-core\2.12.0\smallrye-config-core-2.12.0.jar;C:\Users\xkyii\.m2\repository\org\eclipse\microprofile\config\microprofile-config-api\2.0.1\microprofile-config-api-2.0.1.jar;C:\Users\xkyii\.m2\repository\io\smallrye\common\smallrye-common-annotation\1.13.0\smallrye-common-annotation-1.13.0.jar;C:\Users\xkyii\.m2\repository\io\smallrye\common\smallrye-common-expression\1.13.0\smallrye-common-expression-1.13.0.jar;C:\Users\xkyii\.m2\repository\io\smallrye\common\smallrye-common-function\1.13.0\smallrye-common-function-1.13.0.jar;C:\Users\xkyii\.m2\repository\io\smallrye\common\smallrye-common-constraint\1.13.0\smallrye-common-constraint-1.13.0.jar;C:\Users\xkyii\.m2\repository\io\smallrye\common\smallrye-common-classloader\1.13.0\smallrye-common-classloader-1.13.0.jar;C:\Users\xkyii\.m2\repository\io\smallrye\config\smallrye-config-common\2.12.0\smallrye-config-common-2.12.0.jar;C:\Users\xkyii\.m2\repository\org\jboss\logmanager\jboss-logmanager-embedded\1.0.10\jboss-logmanager-embedded-1.0.10.jar;C:\Users\xkyii\.m2\repository\org\jboss\logging\jboss-logging-annotations\2.2.1.Final\jboss-logging-annotations-2.2.1.Final.jar;C:\Users\xkyii\.m2\repository\org\jboss\threads\jboss-threads\3.4.2.Final\jboss-threads-3.4.2.Final.jar;C:\Users\xkyii\.m2\repository\org\slf4j\slf4j-api\1.7.36\slf4j-api-1.7.36.jar;C:\Users\xkyii\.m2\repository\org\jboss\slf4j\slf4j-jboss-logmanager\1.1.0.Final\slf4j-jboss-logmanager-1.1.0.Final.jar;C:\Users\xkyii\.m2\repository\io\quarkus\quarkus-bootstrap-runner\2.12.1.Final\quarkus-bootstrap-runner-2.12.1.Final.jar;C:\Users\xkyii\.m2\repository\io\github\crac\org-crac\0.1.1\org-crac-0.1.1.jar;C:\Users\xkyii\.m2\repository\io\quarkus\quarkus-fs-util\0.0.9\quarkus-fs-util-0.0.9.jar;C:\Users\xkyii\.m2\repository\io\quarkus\quarkus-test-common\2.12.1.Final\quarkus-test-common-2.12.1.Final.jar;C:\Users\xkyii\.m2\repository\org\jboss\logging\commons-logging-jboss-logging\1.0.0.Final\commons-logging-jboss-logging-1.0.0.Final.jar;C:\Users\xkyii\.m2\repository\jakarta\enterprise\jakarta.enterprise.cdi-api\2.0.2\jakarta.enterprise.cdi-api-2.0.2.jar;C:\Users\xkyii\.m2\repository\jakarta\el\jakarta.el-api\3.0.3\jakarta.el-api-3.0.3.jar;C:\Users\xkyii\.m2\repository\jakarta\interceptor\jakarta.interceptor-api\1.2.5\jakarta.interceptor-api-1.2.5.jar;C:\Users\xkyii\.m2\repository\io\quarkus\quarkus-devtools-utilities\2.12.1.Final\quarkus-devtools-utilities-2.12.1.Final.jar;C:\Users\xkyii\.m2\repository\org\awaitility\awaitility\4.2.0\awaitility-4.2.0.jar;C:\Users\xkyii\.m2\repository\org\hamcrest\hamcrest\2.1\hamcrest-2.1.jar;"/>
    <property name="java.vm.vendor" value="Oracle Corporation"/>
    <property name="sun.arch.data.model" value="64"/>
    <property name="user.variant" value=""/>
    <property name="java.vendor.url" value="http://java.oracle.com/"/>
    <property name="user.timezone" value="Asia/Shanghai"/>
    <property name="java.vm.specification.version" value="11"/>
    <property name="os.name" value="Windows 10"/>
    <property name="sun.java.launcher" value="SUN_STANDARD"/>
    <property name="user.country" value="CN"/>
    <property name="sun.boot.library.path" value="D:\Scoop\apps\openjdk11\current\bin"/>
    <property name="sun.java.command" value="C:\Users\xkyii\AppData\Local\Temp\surefire10326521717258537387\surefirebooter-20220926105028501_3.jar C:\Users\xkyii\AppData\Local\Temp\surefire10326521717258537387 2022-09-26T10-50-21_478-jvmRun1 surefire-20220926105028501_1tmp surefire_0-20220926105028501_2tmp"/>
    <property name="jdk.debug" value="release"/>
    <property name="maven.home" value="D:\Scoop\apps\idea-ultimate\current\IDE\plugins\maven\lib\maven3"/>
    <property name="surefire.test.class.path" value="E:\xk\Code\xkexp\xkexp.java\quarkus\xkus-codegen\deployment\target\test-classes;E:\xk\Code\xkexp\xkexp.java\quarkus\xkus-codegen\deployment\target\classes;C:\Users\xkyii\.m2\repository\io\quarkus\quarkus-arc-deployment\2.12.1.Final\quarkus-arc-deployment-2.12.1.Final.jar;C:\Users\xkyii\.m2\repository\io\quarkus\quarkus-core-deployment\2.12.1.Final\quarkus-core-deployment-2.12.1.Final.jar;C:\Users\xkyii\.m2\repository\org\aesh\readline\2.2\readline-2.2.jar;C:\Users\xkyii\.m2\repository\org\fusesource\jansi\jansi\1.18\jansi-1.18.jar;C:\Users\xkyii\.m2\repository\org\aesh\aesh\2.6\aesh-2.6.jar;C:\Users\xkyii\.m2\repository\org\apache\commons\commons-lang3\3.12.0\commons-lang3-3.12.0.jar;C:\Users\xkyii\.m2\repository\org\wildfly\common\wildfly-common\1.5.4.Final-format-001\wildfly-common-1.5.4.Final-format-001.jar;C:\Users\xkyii\.m2\repository\io\quarkus\gizmo\gizmo\1.1.0.Final\gizmo-1.1.0.Final.jar;C:\Users\xkyii\.m2\repository\org\ow2\asm\asm-util\9.3\asm-util-9.3.jar;C:\Users\xkyii\.m2\repository\org\jboss\jandex\2.4.3.Final\jandex-2.4.3.Final.jar;C:\Users\xkyii\.m2\repository\org\ow2\asm\asm\9.3\asm-9.3.jar;C:\Users\xkyii\.m2\repository\org\ow2\asm\asm-commons\9.3\asm-commons-9.3.jar;C:\Users\xkyii\.m2\repository\org\ow2\asm\asm-tree\9.3\asm-tree-9.3.jar;C:\Users\xkyii\.m2\repository\org\ow2\asm\asm-analysis\9.3\asm-analysis-9.3.jar;C:\Users\xkyii\.m2\repository\io\quarkus\quarkus-development-mode-spi\2.12.1.Final\quarkus-development-mode-spi-2.12.1.Final.jar;C:\Users\xkyii\.m2\repository\io\quarkus\quarkus-class-change-agent\2.12.1.Final\quarkus-class-change-agent-2.12.1.Final.jar;C:\Users\xkyii\.m2\repository\io\quarkus\quarkus-bootstrap-core\2.12.1.Final\quarkus-bootstrap-core-2.12.1.Final.jar;C:\Users\xkyii\.m2\repository\io\quarkus\quarkus-bootstrap-app-model\2.12.1.Final\quarkus-bootstrap-app-model-2.12.1.Final.jar;C:\Users\xkyii\.m2\repository\io\quarkus\quarkus-bootstrap-maven-resolver\2.12.1.Final\quarkus-bootstrap-maven-resolver-2.12.1.Final.jar;C:\Users\xkyii\.m2\repository\org\apache\maven\maven-embedder\3.8.6\maven-embedder-3.8.6.jar;C:\Users\xkyii\.m2\repository\org\apache\maven\maven-settings\3.8.6\maven-settings-3.8.6.jar;C:\Users\xkyii\.m2\repository\org\apache\maven\maven-core\3.8.6\maven-core-3.8.6.jar;C:\Users\xkyii\.m2\repository\org\apache\maven\maven-artifact\3.8.6\maven-artifact-3.8.6.jar;C:\Users\xkyii\.m2\repository\org\codehaus\plexus\plexus-component-annotations\2.1.0\plexus-component-annotations-2.1.0.jar;C:\Users\xkyii\.m2\repository\org\apache\maven\maven-plugin-api\3.8.6\maven-plugin-api-3.8.6.jar;C:\Users\xkyii\.m2\repository\org\apache\maven\maven-model\3.8.6\maven-model-3.8.6.jar;C:\Users\xkyii\.m2\repository\org\apache\maven\maven-model-builder\3.8.6\maven-model-builder-3.8.6.jar;C:\Users\xkyii\.m2\repository\org\apache\maven\maven-builder-support\3.8.6\maven-builder-support-3.8.6.jar;C:\Users\xkyii\.m2\repository\org\apache\maven\resolver\maven-resolver-api\1.6.3\maven-resolver-api-1.6.3.jar;C:\Users\xkyii\.m2\repository\org\apache\maven\resolver\maven-resolver-util\1.6.3\maven-resolver-util-1.6.3.jar;C:\Users\xkyii\.m2\repository\org\apache\maven\shared\maven-shared-utils\3.3.4\maven-shared-utils-3.3.4.jar;C:\Users\xkyii\.m2\repository\commons-io\commons-io\2.11.0\commons-io-2.11.0.jar;C:\Users\xkyii\.m2\repository\com\google\inject\guice\4.2.2\guice-4.2.2-no_aop.jar;C:\Users\xkyii\.m2\repository\com\google\guava\guava\31.1-jre\guava-31.1-jre.jar;C:\Users\xkyii\.m2\repository\com\google\guava\failureaccess\1.0.1\failureaccess-1.0.1.jar;C:\Users\xkyii\.m2\repository\org\codehaus\plexus\plexus-classworlds\2.6.0\plexus-classworlds-2.6.0.jar;C:\Users\xkyii\.m2\repository\org\codehaus\plexus\plexus-sec-dispatcher\2.0\plexus-sec-dispatcher-2.0.jar;C:\Users\xkyii\.m2\repository\org\codehaus\plexus\plexus-cipher\2.0\plexus-cipher-2.0.jar;C:\Users\xkyii\.m2\repository\commons-cli\commons-cli\1.4\commons-cli-1.4.jar;C:\Users\xkyii\.m2\repository\org\eclipse\sisu\org.eclipse.sisu.plexus\0.3.5\org.eclipse.sisu.plexus-0.3.5.jar;C:\Users\xkyii\.m2\repository\org\apache\maven\maven-settings-builder\3.8.6\maven-settings-builder-3.8.6.jar;C:\Users\xkyii\.m2\repository\org\codehaus\plexus\plexus-interpolation\1.26\plexus-interpolation-1.26.jar;C:\Users\xkyii\.m2\repository\org\apache\maven\maven-resolver-provider\3.8.6\maven-resolver-provider-3.8.6.jar;C:\Users\xkyii\.m2\repository\org\apache\maven\maven-repository-metadata\3.8.6\maven-repository-metadata-3.8.6.jar;C:\Users\xkyii\.m2\repository\org\apache\maven\resolver\maven-resolver-spi\1.6.3\maven-resolver-spi-1.6.3.jar;C:\Users\xkyii\.m2\repository\org\apache\maven\resolver\maven-resolver-impl\1.6.3\maven-resolver-impl-1.6.3.jar;C:\Users\xkyii\.m2\repository\org\codehaus\plexus\plexus-utils\3.3.0\plexus-utils-3.3.0.jar;C:\Users\xkyii\.m2\repository\org\apache\maven\resolver\maven-resolver-connector-basic\1.6.3\maven-resolver-connector-basic-1.6.3.jar;C:\Users\xkyii\.m2\repository\org\apache\maven\resolver\maven-resolver-transport-wagon\1.6.3\maven-resolver-transport-wagon-1.6.3.jar;C:\Users\xkyii\.m2\repository\org\apache\maven\wagon\wagon-http\3.5.1\wagon-http-3.5.1.jar;C:\Users\xkyii\.m2\repository\org\apache\maven\wagon\wagon-http-shared\3.5.1\wagon-http-shared-3.5.1.jar;C:\Users\xkyii\.m2\repository\org\apache\httpcomponents\httpclient\4.5.13\httpclient-4.5.13.jar;C:\Users\xkyii\.m2\repository\commons-codec\commons-codec\1.15\commons-codec-1.15.jar;C:\Users\xkyii\.m2\repository\org\apache\httpcomponents\httpcore\4.4.15\httpcore-4.4.15.jar;C:\Users\xkyii\.m2\repository\org\apache\maven\wagon\wagon-provider-api\3.5.1\wagon-provider-api-3.5.1.jar;C:\Users\xkyii\.m2\repository\org\apache\maven\wagon\wagon-file\3.5.1\wagon-file-3.5.1.jar;C:\Users\xkyii\.m2\repository\io\quarkus\quarkus-bootstrap-gradle-resolver\2.12.1.Final\quarkus-bootstrap-gradle-resolver-2.12.1.Final.jar;C:\Users\xkyii\.m2\repository\io\smallrye\common\smallrye-common-io\1.13.0\smallrye-common-io-1.13.0.jar;C:\Users\xkyii\.m2\repository\org\eclipse\sisu\org.eclipse.sisu.inject\0.3.5\org.eclipse.sisu.inject-0.3.5.jar;C:\Users\xkyii\.m2\repository\io\quarkus\quarkus-builder\2.12.1.Final\quarkus-builder-2.12.1.Final.jar;C:\Users\xkyii\.m2\repository\org\graalvm\sdk\graal-sdk\22.2.0\graal-sdk-22.2.0.jar;C:\Users\xkyii\.m2\repository\org\junit\platform\junit-platform-launcher\1.9.0\junit-platform-launcher-1.9.0.jar;C:\Users\xkyii\.m2\repository\org\junit\jupiter\junit-jupiter\5.9.0\junit-jupiter-5.9.0.jar;C:\Users\xkyii\.m2\repository\io\quarkus\quarkus-vertx-http-dev-console-spi\2.12.1.Final\quarkus-vertx-http-dev-console-spi-2.12.1.Final.jar;C:\Users\xkyii\.m2\repository\io\quarkus\quarkus-vertx-http-dev-console-runtime-spi\2.12.1.Final\quarkus-vertx-http-dev-console-runtime-spi-2.12.1.Final.jar;C:\Users\xkyii\.m2\repository\io\quarkus\arc\arc\2.12.1.Final\arc-2.12.1.Final.jar;C:\Users\xkyii\.m2\repository\jakarta\transaction\jakarta.transaction-api\1.3.3\jakarta.transaction-api-1.3.3.jar;C:\Users\xkyii\.m2\repository\io\vertx\vertx-web\4.3.2\vertx-web-4.3.2.jar;C:\Users\xkyii\.m2\repository\io\vertx\vertx-web-common\4.3.2\vertx-web-common-4.3.2.jar;C:\Users\xkyii\.m2\repository\io\vertx\vertx-auth-common\4.3.2\vertx-auth-common-4.3.2.jar;C:\Users\xkyii\.m2\repository\io\vertx\vertx-bridge-common\4.3.2\vertx-bridge-common-4.3.2.jar;C:\Users\xkyii\.m2\repository\io\vertx\vertx-core\4.3.2\vertx-core-4.3.2.jar;C:\Users\xkyii\.m2\repository\io\netty\netty-common\4.1.79.Final\netty-common-4.1.79.Final.jar;C:\Users\xkyii\.m2\repository\io\netty\netty-buffer\4.1.79.Final\netty-buffer-4.1.79.Final.jar;C:\Users\xkyii\.m2\repository\io\netty\netty-transport\4.1.79.Final\netty-transport-4.1.79.Final.jar;C:\Users\xkyii\.m2\repository\io\netty\netty-handler\4.1.79.Final\netty-handler-4.1.79.Final.jar;C:\Users\xkyii\.m2\repository\io\netty\netty-transport-native-unix-common\4.1.79.Final\netty-transport-native-unix-common-4.1.79.Final.jar;C:\Users\xkyii\.m2\repository\io\netty\netty-codec\4.1.79.Final\netty-codec-4.1.79.Final.jar;C:\Users\xkyii\.m2\repository\io\netty\netty-handler-proxy\4.1.79.Final\netty-handler-proxy-4.1.79.Final.jar;C:\Users\xkyii\.m2\repository\io\netty\netty-codec-socks\4.1.79.Final\netty-codec-socks-4.1.79.Final.jar;C:\Users\xkyii\.m2\repository\io\netty\netty-codec-http\4.1.79.Final\netty-codec-http-4.1.79.Final.jar;C:\Users\xkyii\.m2\repository\io\netty\netty-codec-http2\4.1.79.Final\netty-codec-http2-4.1.79.Final.jar;C:\Users\xkyii\.m2\repository\io\netty\netty-resolver\4.1.79.Final\netty-resolver-4.1.79.Final.jar;C:\Users\xkyii\.m2\repository\io\netty\netty-resolver-dns\4.1.79.Final\netty-resolver-dns-4.1.79.Final.jar;C:\Users\xkyii\.m2\repository\io\netty\netty-codec-dns\4.1.79.Final\netty-codec-dns-4.1.79.Final.jar;C:\Users\xkyii\.m2\repository\com\fasterxml\jackson\core\jackson-core\2.13.3\jackson-core-2.13.3.jar;C:\Users\xkyii\.m2\repository\io\quarkus\quarkus-arc\2.12.1.Final\quarkus-arc-2.12.1.Final.jar;C:\Users\xkyii\.m2\repository\org\eclipse\microprofile\context-propagation\microprofile-context-propagation-api\1.2\microprofile-context-propagation-api-1.2.jar;C:\Users\xkyii\.m2\repository\io\quarkus\arc\arc-processor\2.12.1.Final\arc-processor-2.12.1.Final.jar;C:\Users\xkyii\.m2\repository\org\jboss\logging\jboss-logging\3.5.0.Final\jboss-logging-3.5.0.Final.jar;C:\Users\xkyii\.m2\repository\jakarta\annotation\jakarta.annotation-api\1.3.5\jakarta.annotation-api-1.3.5.jar;E:\xk\Code\xkexp\xkexp.java\quarkus\xkus-codegen\runtime\target\xkus-codegen-1.0.0-SNAPSHOT.jar;C:\Users\xkyii\.m2\repository\io\quarkus\quarkus-junit5-internal\2.12.1.Final\quarkus-junit5-internal-2.12.1.Final.jar;C:\Users\xkyii\.m2\repository\org\jboss\shrinkwrap\shrinkwrap-api\1.2.6\shrinkwrap-api-1.2.6.jar;C:\Users\xkyii\.m2\repository\org\jboss\shrinkwrap\shrinkwrap-spi\1.2.6\shrinkwrap-spi-1.2.6.jar;C:\Users\xkyii\.m2\repository\org\jboss\shrinkwrap\shrinkwrap-impl-base\1.2.6\shrinkwrap-impl-base-1.2.6.jar;C:\Users\xkyii\.m2\repository\org\junit\jupiter\junit-jupiter-api\5.9.0\junit-jupiter-api-5.9.0.jar;C:\Users\xkyii\.m2\repository\org\opentest4j\opentest4j\1.2.0\opentest4j-1.2.0.jar;C:\Users\xkyii\.m2\repository\org\junit\platform\junit-platform-commons\1.9.0\junit-platform-commons-1.9.0.jar;C:\Users\xkyii\.m2\repository\org\apiguardian\apiguardian-api\1.1.2\apiguardian-api-1.1.2.jar;C:\Users\xkyii\.m2\repository\org\junit\jupiter\junit-jupiter-params\5.9.0\junit-jupiter-params-5.9.0.jar;C:\Users\xkyii\.m2\repository\org\junit\jupiter\junit-jupiter-engine\5.9.0\junit-jupiter-engine-5.9.0.jar;C:\Users\xkyii\.m2\repository\org\junit\platform\junit-platform-engine\1.9.0\junit-platform-engine-1.9.0.jar;C:\Users\xkyii\.m2\repository\io\quarkus\quarkus-core\2.12.1.Final\quarkus-core-2.12.1.Final.jar;C:\Users\xkyii\.m2\repository\jakarta\inject\jakarta.inject-api\1.0\jakarta.inject-api-1.0.jar;C:\Users\xkyii\.m2\repository\io\quarkus\quarkus-ide-launcher\2.12.1.Final\quarkus-ide-launcher-2.12.1.Final.jar;C:\Users\xkyii\.m2\repository\io\smallrye\config\smallrye-config\2.12.0\smallrye-config-2.12.0.jar;C:\Users\xkyii\.m2\repository\io\smallrye\config\smallrye-config-core\2.12.0\smallrye-config-core-2.12.0.jar;C:\Users\xkyii\.m2\repository\org\eclipse\microprofile\config\microprofile-config-api\2.0.1\microprofile-config-api-2.0.1.jar;C:\Users\xkyii\.m2\repository\io\smallrye\common\smallrye-common-annotation\1.13.0\smallrye-common-annotation-1.13.0.jar;C:\Users\xkyii\.m2\repository\io\smallrye\common\smallrye-common-expression\1.13.0\smallrye-common-expression-1.13.0.jar;C:\Users\xkyii\.m2\repository\io\smallrye\common\smallrye-common-function\1.13.0\smallrye-common-function-1.13.0.jar;C:\Users\xkyii\.m2\repository\io\smallrye\common\smallrye-common-constraint\1.13.0\smallrye-common-constraint-1.13.0.jar;C:\Users\xkyii\.m2\repository\io\smallrye\common\smallrye-common-classloader\1.13.0\smallrye-common-classloader-1.13.0.jar;C:\Users\xkyii\.m2\repository\io\smallrye\config\smallrye-config-common\2.12.0\smallrye-config-common-2.12.0.jar;C:\Users\xkyii\.m2\repository\org\jboss\logmanager\jboss-logmanager-embedded\1.0.10\jboss-logmanager-embedded-1.0.10.jar;C:\Users\xkyii\.m2\repository\org\jboss\logging\jboss-logging-annotations\2.2.1.Final\jboss-logging-annotations-2.2.1.Final.jar;C:\Users\xkyii\.m2\repository\org\jboss\threads\jboss-threads\3.4.2.Final\jboss-threads-3.4.2.Final.jar;C:\Users\xkyii\.m2\repository\org\slf4j\slf4j-api\1.7.36\slf4j-api-1.7.36.jar;C:\Users\xkyii\.m2\repository\org\jboss\slf4j\slf4j-jboss-logmanager\1.1.0.Final\slf4j-jboss-logmanager-1.1.0.Final.jar;C:\Users\xkyii\.m2\repository\io\quarkus\quarkus-bootstrap-runner\2.12.1.Final\quarkus-bootstrap-runner-2.12.1.Final.jar;C:\Users\xkyii\.m2\repository\io\github\crac\org-crac\0.1.1\org-crac-0.1.1.jar;C:\Users\xkyii\.m2\repository\io\quarkus\quarkus-fs-util\0.0.9\quarkus-fs-util-0.0.9.jar;C:\Users\xkyii\.m2\repository\io\quarkus\quarkus-test-common\2.12.1.Final\quarkus-test-common-2.12.1.Final.jar;C:\Users\xkyii\.m2\repository\org\jboss\logging\commons-logging-jboss-logging\1.0.0.Final\commons-logging-jboss-logging-1.0.0.Final.jar;C:\Users\xkyii\.m2\repository\jakarta\enterprise\jakarta.enterprise.cdi-api\2.0.2\jakarta.enterprise.cdi-api-2.0.2.jar;C:\Users\xkyii\.m2\repository\jakarta\el\jakarta.el-api\3.0.3\jakarta.el-api-3.0.3.jar;C:\Users\xkyii\.m2\repository\jakarta\interceptor\jakarta.interceptor-api\1.2.5\jakarta.interceptor-api-1.2.5.jar;C:\Users\xkyii\.m2\repository\io\quarkus\quarkus-devtools-utilities\2.12.1.Final\quarkus-devtools-utilities-2.12.1.Final.jar;C:\Users\xkyii\.m2\repository\org\awaitility\awaitility\4.2.0\awaitility-4.2.0.jar;C:\Users\xkyii\.m2\repository\org\hamcrest\hamcrest\2.1\hamcrest-2.1.jar;"/>
    <property name="sun.cpu.endian" value="little"/>
    <property name="user.home" value="C:\Users\xkyii"/>
    <property name="user.language" value="zh"/>
    <property name="java.specification.vendor" value="Oracle Corporation"/>
    <property name="java.version.date" value="2019-01-15"/>
    <property name="java.home" value="D:\Scoop\apps\openjdk11\current"/>
    <property name="file.separator" value="\"/>
    <property name="maven.repo" value="C:\Users\xkyii\.m2\repository"/>
    <property name="basedir" value="E:\xk\Code\xkexp\xkexp.java\quarkus\xkus-codegen\deployment"/>
    <property name="java.vm.compressedOopsMode" value="Zero based"/>
    <property name="line.separator" value="&#10;"/>
    <property name="java.specification.name" value="Java Platform API Specification"/>
    <property name="java.vm.specification.vendor" value="Oracle Corporation"/>
    <property name="java.awt.graphicsenv" value="sun.awt.Win32GraphicsEnvironment"/>
    <property name="java.nio.channels.DefaultThreadPool.threadFactory" value="io.quarkus.dev.io.NioThreadPoolThreadFactory"/>
    <property name="surefire.real.class.path" value="C:\Users\xkyii\AppData\Local\Temp\surefire10326521717258537387\surefirebooter-20220926105028501_3.jar"/>
    <property name="user.script" value=""/>
    <property name="sun.management.compiler" value="HotSpot 64-Bit Tiered Compilers"/>
    <property name="java.runtime.version" value="11.0.2+9"/>
    <property name="user.name" value="xkyii"/>
    <property name="path.separator" value=";"/>
    <property name="os.version" value="10.0"/>
    <property name="java.runtime.name" value="OpenJDK Runtime Environment"/>
    <property name="file.encoding" value="GBK"/>
    <property name="java.vm.name" value="OpenJDK 64-Bit Server VM"/>
    <property name="java.vendor.version" value="18.9"/>
    <property name="localRepository" value="C:\Users\xkyii\.m2\repository"/>
    <property name="java.vendor.url.bug" value="http://bugreport.java.com/bugreport/"/>
    <property name="java.io.tmpdir" value="C:\Users\xkyii\AppData\Local\Temp\"/>
    <property name="quarkus.log.file.path" value="target\quarkus.log"/>
    <property name="idea.version" value="2022.2.2"/>
    <property name="java.version" value="11.0.2"/>
    <property name="java.util.concurrent.ForkJoinPool.common.threadFactory" value="io.quarkus.bootstrap.forkjoin.QuarkusForkJoinWorkerThreadFactory"/>
    <property name="user.dir" value="E:\xk\Code\xkexp\xkexp.java\quarkus\xkus-codegen\deployment"/>
    <property name="os.arch" value="amd64"/>
    <property name="java.vm.specification.name" value="Java Virtual Machine Specification"/>
    <property name="java.awt.printerjob" value="sun.awt.windows.WPrinterJob"/>
    <property name="sun.os.patch.level" value=""/>
    <property name="java.util.logging.manager" value="org.jboss.logmanager.LogManager"/>
    <property name="java.library.path" value="D:\Scoop\apps\openjdk11\current\bin;C:\Windows\Sun\Java\bin;C:\Windows\system32;C:\Windows;C:\Program Files\dotnet\;D:\Scoop\apps\python38\current\Scripts;D:\Scoop\apps\python38\current;D:\Scoop\apps\vscode\current\bin;D:\Scoop\apps\nodejs\current\bin;D:\Scoop\apps\nodejs\current;D:\Scoop\apps\dotnet-sdk\current;D:\Scoop\apps\python\current\Scripts;D:\Scoop\apps\python\current;D:\Scoop\apps\openjdk11\current\bin;D:\Scoop\apps\openjdk17\current\bin;D:\Scoop\apps\maven\current\bin;D:\Scoop\apps\ojdkbuild8\current\bin;D:\Scoop\shims;C:\Users\xkyii\.dotnet\tools;C:\Users\xkyii\scoop\shims;C:\Windows;C:\Windows\system32;C:\Windows\System32\Wbem;C:\Windows\System32\WindowsPowerShell\v1.0\;C:\Windows\System32\OpenSSH\;C:\Program Files\dotnet\;C:\Program Files\Microsoft SQL Server\150\Tools\Binn\;C:\Program Files\Microsoft SQL Server\Client SDK\ODBC\170\Tools\Binn\;C:\Users\xkyii\AppData\Local\Microsoft\WindowsApps;C:\Users\xkyii\.dotnet\tools;C:\Users\xkyii\.dotnet\tools;."/>
    <property name="java.vendor" value="Oracle Corporation"/>
    <property name="java.vm.info" value="mixed mode"/>
    <property name="java.vm.version" value="11.0.2+9"/>
    <property name="sun.io.unicode.encoding" value="UnicodeLittle"/>
    <property name="java.class.version" value="55.0"/>
  </properties>
  <testcase name="writeYourOwnDevModeTest" classname="com.xkyii.quarkus.xkus.codegen.test.XkusCodegenDevModeTest" time="7.357">
    <system-out><![CDATA[&amp#27;[94mTests paused&amp#27;[39m
2022-09-26 10:50:37,393 INFO  [io.quarkus] (Quarkus Main Thread) xkus-codegen-deployment 1.0.0-SNAPSHOT on JVM (powered by Quarkus 2.12.1.Final) started in 2.755s. 
2022-09-26 10:50:37,423 INFO  [io.quarkus] (Quarkus Main Thread) Profile dev activated. Live Coding activated.
2022-09-26 10:50:37,424 INFO  [io.quarkus] (Quarkus Main Thread) Installed features: [cdi, xkus-codegen]
2022-09-26 10:50:37,517 INFO  [io.quarkus] (Quarkus Main Thread) xkus-codegen-deployment stopped in 0.028s
]]></system-out>
  </testcase>
</testsuite>